\BOOKMARK [0][-]{chapter*.2}{ocreRes\372men y Conclusiones}{}% 1
\BOOKMARK [1][-]{section*.3}{Res\372men}{chapter*.2}% 2
\BOOKMARK [1][-]{section*.4}{Conclusiones}{chapter*.2}% 3
\BOOKMARK [0][-]{chapter*.5}{ocreSummary}{}% 4
\BOOKMARK [0][-]{chapter.1}{Introduction}{}% 5
\BOOKMARK [1][-]{section.1.1}{The CDM Cosmology}{chapter.1}% 6
\BOOKMARK [1][-]{section.1.2}{The Cosmological Constant problem}{chapter.1}% 7
\BOOKMARK [1][-]{section.1.3}{Theories for Dark Energy}{chapter.1}% 8
\BOOKMARK [2][-]{subsection.1.3.1}{Exotic matter fields}{section.1.3}% 9
\BOOKMARK [2][-]{subsection.1.3.2}{Modified Gravity}{section.1.3}% 10
\BOOKMARK [1][-]{section.1.4}{Probes for Dark Energy}{chapter.1}% 11
\BOOKMARK [1][-]{section.1.5}{Current status of Dark Energy constrains}{chapter.1}% 12
\BOOKMARK [0][-]{chapter.2}{Gravitational Lensing Theory}{}% 13
\BOOKMARK [1][-]{section.2.1}{Lens Equation on Gravitational Fields}{chapter.2}% 14
\BOOKMARK [1][-]{section.2.2}{Weak Gravitational Lensing}{chapter.2}% 15
\BOOKMARK [2][-]{subsection.2.2.1}{Magnification}{section.2.2}% 16
\BOOKMARK [2][-]{subsection.2.2.2}{Shear}{section.2.2}% 17
\BOOKMARK [1][-]{section.2.3}{Theoretical expressions for \(\)}{chapter.2}% 18
\BOOKMARK [0][-]{chapter.3}{The Dark Energy Survey}{}% 19
\BOOKMARK [1][-]{section.3.1}{The DECam}{chapter.3}% 20
\BOOKMARK [1][-]{section.3.2}{Survey strategy}{chapter.3}% 21
\BOOKMARK [2][-]{subsection.3.2.1}{The transient survey}{section.3.2}% 22
\BOOKMARK [2][-]{subsection.3.2.2}{The wide-field survey}{section.3.2}% 23
\BOOKMARK [2][-]{subsection.3.2.3}{The night operations at CTIO}{section.3.2}% 24
\BOOKMARK [1][-]{section.3.3}{The data reduction pipeline}{chapter.3}% 25
\BOOKMARK [1][-]{section.3.4}{Current status and latest results}{chapter.3}% 26
\BOOKMARK [0][-]{chapter.4}{Magnification in DES}{}% 27
\BOOKMARK [1][-]{section.4.1}{Measuring Magnification through Number Count}{chapter.4}% 28
\BOOKMARK [1][-]{section.4.2}{Magnification in the MICE-GC simulation}{chapter.4}% 29
\BOOKMARK [1][-]{section.4.3}{Magnification in DES Science Verification data}{chapter.4}% 30
\BOOKMARK [2][-]{subsection.4.3.1}{Data sample}{section.4.3}% 31
\BOOKMARK [2][-]{subsection.4.3.2}{Detection of the weak-lensing magnification signal}{section.4.3}% 32
\BOOKMARK [2][-]{subsection.4.3.3}{Systematic error analysis}{section.4.3}% 33
\BOOKMARK [1][-]{section.4.4}{Magnification in DES Year 1 data}{chapter.4}% 34
\BOOKMARK [2][-]{subsection.4.4.1}{Data sample}{section.4.4}% 35
\BOOKMARK [2][-]{subsection.4.4.2}{Determination of matter profile: voids \046 troughs}{section.4.4}% 36
\BOOKMARK [0][-]{chapter.5}{Conclusions}{}% 37
\BOOKMARK [0][-]{Appendix.1.A}{Appendix Stellar contamination equation}{}% 38
\BOOKMARK [0][-]{Appendix.1.B}{Appendix Additional figures}{}% 39
\BOOKMARK [0][-]{chapter*.19}{References}{}% 40
